  Program2.cpp
F:\all\Code\C++\UserInterface\Interface\Program2.cpp(79,29): warning C4267: '=': conversion from 'size_t' to 'int', possible loss of data
F:\all\Code\C++\UserInterface\Interface\Program2.cpp(176,47): warning C4267: 'initializing': conversion from 'size_t' to 'int', possible loss of data
F:\all\Code\C++\UserInterface\Interface\Program2.cpp(205,47): warning C4267: 'initializing': conversion from 'size_t' to 'int', possible loss of data
F:\all\Code\C++\UserInterface\Interface\Program2.cpp(252,37): warning C4267: '=': conversion from 'size_t' to 'int', possible loss of data
F:\all\Code\C++\UserInterface\Interface\Program2.cpp(311,7): warning C4101: 'charcorrect': unreferenced local variable
F:\all\Code\C++\UserInterface\Interface\Program2.cpp(340,6): warning C4101: 'timesinmessage': unreferenced local variable
F:\all\Code\C++\UserInterface\Interface\Program2.cpp(558,1): warning C4267: 'initializing': conversion from 'size_t' to 'int', possible loss of data
F:\all\Code\C++\UserInterface\Interface\Program2.cpp(545,7): warning C4101: 'hour': unreferenced local variable
F:\all\Code\C++\UserInterface\Interface\Program2.cpp(648,59): warning C4244: 'argument': conversion from 'double' to 'int', possible loss of data
F:\all\Code\C++\UserInterface\Interface\Program2.cpp(837,1): warning C4267: 'initializing': conversion from 'size_t' to 'int', possible loss of data
F:\all\Code\C++\UserInterface\Interface\Program2.cpp(1796,53): warning C4244: 'argument': conversion from '__int64' to 'int', possible loss of data
F:\all\Code\C++\UserInterface\Interface\Program2.cpp(1840,49): warning C4244: 'argument': conversion from '__int64' to 'int', possible loss of data
F:\all\Code\C++\UserInterface\Interface\Program2.cpp(1852,44): warning C4244: 'argument': conversion from '__int64' to 'int', possible loss of data
F:\all\Code\C++\UserInterface\Interface\Program2.cpp(1857,50): warning C4244: 'argument': conversion from '__int64' to 'int', possible loss of data
F:\all\Code\C++\UserInterface\Interface\Program2.cpp(1860,54): warning C4244: 'argument': conversion from '__int64' to 'int', possible loss of data
F:\all\Code\C++\UserInterface\Interface\Program2.cpp(1894,64): warning C4244: 'argument': conversion from '__int64' to 'int', possible loss of data
F:\all\Code\C++\UserInterface\Interface\Program2.cpp(1896,51): warning C4244: 'argument': conversion from '__int64' to 'int', possible loss of data
F:\all\Code\C++\UserInterface\Interface\Program2.cpp(1899,57): warning C4244: 'argument': conversion from '__int64' to 'int', possible loss of data
F:\all\Code\C++\UserInterface\Interface\Program2.cpp(1909,51): warning C4244: 'argument': conversion from '__int64' to 'int', possible loss of data
F:\all\Code\C++\UserInterface\Interface\Program2.cpp(1912,57): warning C4244: 'argument': conversion from '__int64' to 'int', possible loss of data
F:\all\Code\C++\UserInterface\Interface\Program2.cpp(2046,62): warning C4244: 'argument': conversion from '__int64' to 'int', possible loss of data
F:\all\Code\C++\UserInterface\Interface\Program2.cpp(2053,64): warning C4244: 'argument': conversion from '__int64' to 'int', possible loss of data
F:\all\Code\C++\UserInterface\Interface\Program2.cpp(2058,69): warning C4244: 'argument': conversion from '__int64' to 'int', possible loss of data
F:\all\Code\C++\UserInterface\Interface\Program2.cpp(2059,74): warning C4244: 'argument': conversion from '__int64' to 'int', possible loss of data
F:\all\Code\C++\UserInterface\Interface\Program2.cpp(2134,7): warning C4805: '!=': unsafe mix of type 'UINT' and type 'bool' in operation
F:\all\Code\C++\UserInterface\Interface\Program2.cpp(2140,82): warning C4244: 'argument': conversion from '__int64' to 'int', possible loss of data
F:\all\Code\C++\UserInterface\Interface\Program2.cpp(2141,77): warning C4244: 'argument': conversion from '__int64' to 'int', possible loss of data
F:\all\Code\C++\UserInterface\Interface\Program2.cpp(2147,77): warning C4244: 'argument': conversion from '__int64' to 'int', possible loss of data
F:\all\Code\C++\UserInterface\Interface\Program2.cpp(2148,72): warning C4244: 'argument': conversion from '__int64' to 'int', possible loss of data
F:\all\Code\C++\UserInterface\Interface\Program2.cpp(2177,51): warning C4267: 'initializing': conversion from 'size_t' to 'int', possible loss of data
F:\all\Code\C++\UserInterface\Interface\Program2.cpp(2187,66): warning C4244: 'argument': conversion from '__int64' to 'int', possible loss of data
F:\all\Code\C++\UserInterface\Interface\Program2.cpp(2194,68): warning C4244: 'argument': conversion from '__int64' to 'int', possible loss of data
F:\all\Code\C++\UserInterface\Interface\Program2.cpp(2199,73): warning C4244: 'argument': conversion from '__int64' to 'int', possible loss of data
F:\all\Code\C++\UserInterface\Interface\Program2.cpp(2200,78): warning C4244: 'argument': conversion from '__int64' to 'int', possible loss of data
F:\all\Code\C++\UserInterface\Interface\Program2.cpp(2281,61): warning C4244: 'argument': conversion from '__int64' to 'int', possible loss of data
F:\all\Code\C++\UserInterface\Interface\Program2.cpp(2290,66): warning C4244: 'argument': conversion from '__int64' to 'int', possible loss of data
F:\all\Code\C++\UserInterface\Interface\Program2.cpp(2299,72): warning C4244: 'argument': conversion from '__int64' to 'int', possible loss of data
F:\all\Code\C++\UserInterface\Interface\Program2.cpp(2300,77): warning C4244: 'argument': conversion from '__int64' to 'int', possible loss of data
F:\all\Code\C++\UserInterface\Interface\Program2.cpp(2303,72): warning C4244: 'argument': conversion from '__int64' to 'int', possible loss of data
F:\all\Code\C++\UserInterface\Interface\Program2.cpp(2304,77): warning C4244: 'argument': conversion from '__int64' to 'int', possible loss of data
F:\all\Code\C++\UserInterface\Interface\Program2.cpp(2323,63): warning C4244: 'argument': conversion from '__int64' to 'int', possible loss of data
F:\all\Code\C++\UserInterface\Interface\Program2.cpp(2332,68): warning C4244: 'argument': conversion from '__int64' to 'int', possible loss of data
F:\all\Code\C++\UserInterface\Interface\Program2.cpp(2341,74): warning C4244: 'argument': conversion from '__int64' to 'int', possible loss of data
F:\all\Code\C++\UserInterface\Interface\Program2.cpp(2342,79): warning C4244: 'argument': conversion from '__int64' to 'int', possible loss of data
F:\all\Code\C++\UserInterface\Interface\Program2.cpp(2345,74): warning C4244: 'argument': conversion from '__int64' to 'int', possible loss of data
F:\all\Code\C++\UserInterface\Interface\Program2.cpp(2346,79): warning C4244: 'argument': conversion from '__int64' to 'int', possible loss of data
F:\all\Code\C++\UserInterface\Interface\Program2.cpp(2434,60): warning C4244: 'argument': conversion from '__int64' to 'int', possible loss of data
F:\all\Code\C++\UserInterface\Interface\Program2.cpp(2443,65): warning C4244: 'argument': conversion from '__int64' to 'int', possible loss of data
F:\all\Code\C++\UserInterface\Interface\Program2.cpp(2452,71): warning C4244: 'argument': conversion from '__int64' to 'int', possible loss of data
F:\all\Code\C++\UserInterface\Interface\Program2.cpp(2453,76): warning C4244: 'argument': conversion from '__int64' to 'int', possible loss of data
F:\all\Code\C++\UserInterface\Interface\Program2.cpp(2456,71): warning C4244: 'argument': conversion from '__int64' to 'int', possible loss of data
F:\all\Code\C++\UserInterface\Interface\Program2.cpp(2457,76): warning C4244: 'argument': conversion from '__int64' to 'int', possible loss of data
F:\all\Code\C++\UserInterface\Interface\Program2.cpp(2478,62): warning C4244: 'argument': conversion from '__int64' to 'int', possible loss of data
F:\all\Code\C++\UserInterface\Interface\Program2.cpp(2487,67): warning C4244: 'argument': conversion from '__int64' to 'int', possible loss of data
F:\all\Code\C++\UserInterface\Interface\Program2.cpp(2496,73): warning C4244: 'argument': conversion from '__int64' to 'int', possible loss of data
F:\all\Code\C++\UserInterface\Interface\Program2.cpp(2497,78): warning C4244: 'argument': conversion from '__int64' to 'int', possible loss of data
F:\all\Code\C++\UserInterface\Interface\Program2.cpp(2500,73): warning C4244: 'argument': conversion from '__int64' to 'int', possible loss of data
F:\all\Code\C++\UserInterface\Interface\Program2.cpp(2501,78): warning C4244: 'argument': conversion from '__int64' to 'int', possible loss of data
F:\all\Code\C++\UserInterface\Interface\Program2.cpp(2542,78): warning C4244: 'argument': conversion from '__int64' to 'int', possible loss of data
F:\all\Code\C++\UserInterface\Interface\Program2.cpp(2544,65): warning C4244: 'argument': conversion from '__int64' to 'int', possible loss of data
F:\all\Code\C++\UserInterface\Interface\Program2.cpp(2550,65): warning C4244: 'argument': conversion from '__int64' to 'int', possible loss of data
F:\all\Code\C++\UserInterface\Interface\Program2.cpp(2568,80): warning C4244: 'argument': conversion from '__int64' to 'int', possible loss of data
F:\all\Code\C++\UserInterface\Interface\Program2.cpp(2572,67): warning C4244: 'argument': conversion from '__int64' to 'int', possible loss of data
F:\all\Code\C++\UserInterface\Interface\Program2.cpp(2578,67): warning C4244: 'argument': conversion from '__int64' to 'int', possible loss of data
F:\all\Code\C++\UserInterface\Interface\Program2.cpp(2609,44): warning C4267: '=': conversion from 'size_t' to 'int', possible loss of data
F:\all\Code\C++\UserInterface\Interface\Program2.cpp(2610,42): warning C4267: '=': conversion from 'size_t' to 'int', possible loss of data
F:\all\Code\C++\UserInterface\Interface\Program2.cpp(1965,14): warning C4101: 'ps': unreferenced local variable
F:\all\Code\C++\UserInterface\Interface\Program2.cpp(2777,62): warning C4244: 'argument': conversion from '__int64' to 'int', possible loss of data
F:\all\Code\C++\UserInterface\Interface\Program2.cpp(2784,64): warning C4244: 'argument': conversion from '__int64' to 'int', possible loss of data
F:\all\Code\C++\UserInterface\Interface\Program2.cpp(2809,49): warning C4267: 'initializing': conversion from 'size_t' to 'int', possible loss of data
F:\all\Code\C++\UserInterface\Interface\Program2.cpp(2815,64): warning C4244: 'argument': conversion from '__int64' to 'int', possible loss of data
F:\all\Code\C++\UserInterface\Interface\Program2.cpp(2823,67): warning C4244: 'argument': conversion from '__int64' to 'int', possible loss of data
F:\all\Code\C++\UserInterface\Interface\Program2.cpp(2829,72): warning C4244: 'argument': conversion from '__int64' to 'int', possible loss of data
F:\all\Code\C++\UserInterface\Interface\Program2.cpp(2830,77): warning C4244: 'argument': conversion from '__int64' to 'int', possible loss of data
F:\all\Code\C++\UserInterface\Interface\Program2.cpp(2921,60): warning C4244: 'argument': conversion from '__int64' to 'int', possible loss of data
F:\all\Code\C++\UserInterface\Interface\Program2.cpp(2930,65): warning C4244: 'argument': conversion from '__int64' to 'int', possible loss of data
F:\all\Code\C++\UserInterface\Interface\Program2.cpp(2939,71): warning C4244: 'argument': conversion from '__int64' to 'int', possible loss of data
F:\all\Code\C++\UserInterface\Interface\Program2.cpp(2940,76): warning C4244: 'argument': conversion from '__int64' to 'int', possible loss of data
F:\all\Code\C++\UserInterface\Interface\Program2.cpp(2943,71): warning C4244: 'argument': conversion from '__int64' to 'int', possible loss of data
F:\all\Code\C++\UserInterface\Interface\Program2.cpp(2944,76): warning C4244: 'argument': conversion from '__int64' to 'int', possible loss of data
F:\all\Code\C++\UserInterface\Interface\Program2.cpp(2975,62): warning C4244: 'argument': conversion from '__int64' to 'int', possible loss of data
F:\all\Code\C++\UserInterface\Interface\Program2.cpp(2984,67): warning C4244: 'argument': conversion from '__int64' to 'int', possible loss of data
F:\all\Code\C++\UserInterface\Interface\Program2.cpp(2993,73): warning C4244: 'argument': conversion from '__int64' to 'int', possible loss of data
F:\all\Code\C++\UserInterface\Interface\Program2.cpp(2994,78): warning C4244: 'argument': conversion from '__int64' to 'int', possible loss of data
F:\all\Code\C++\UserInterface\Interface\Program2.cpp(2997,73): warning C4244: 'argument': conversion from '__int64' to 'int', possible loss of data
F:\all\Code\C++\UserInterface\Interface\Program2.cpp(2998,78): warning C4244: 'argument': conversion from '__int64' to 'int', possible loss of data
F:\all\Code\C++\UserInterface\Interface\Program2.cpp(3018,62): warning C4244: 'argument': conversion from '__int64' to 'int', possible loss of data
F:\all\Code\C++\UserInterface\Interface\Program2.cpp(3027,67): warning C4244: 'argument': conversion from '__int64' to 'int', possible loss of data
F:\all\Code\C++\UserInterface\Interface\Program2.cpp(3036,73): warning C4244: 'argument': conversion from '__int64' to 'int', possible loss of data
F:\all\Code\C++\UserInterface\Interface\Program2.cpp(3037,78): warning C4244: 'argument': conversion from '__int64' to 'int', possible loss of data
F:\all\Code\C++\UserInterface\Interface\Program2.cpp(3040,73): warning C4244: 'argument': conversion from '__int64' to 'int', possible loss of data
F:\all\Code\C++\UserInterface\Interface\Program2.cpp(3041,78): warning C4244: 'argument': conversion from '__int64' to 'int', possible loss of data
F:\all\Code\C++\UserInterface\Interface\Program2.cpp(3098,67): warning C4244: 'argument': conversion from '__int64' to 'int', possible loss of data
F:\all\Code\C++\UserInterface\Interface\Program2.cpp(3101,67): warning C4244: 'argument': conversion from '__int64' to 'int', possible loss of data
F:\all\Code\C++\UserInterface\Interface\Program2.cpp(3115,67): warning C4244: 'argument': conversion from '__int64' to 'int', possible loss of data
F:\all\Code\C++\UserInterface\Interface\Program2.cpp(3118,67): warning C4244: 'argument': conversion from '__int64' to 'int', possible loss of data
F:\all\Code\C++\UserInterface\Interface\Program2.cpp(3187,60): warning C4244: 'argument': conversion from '__int64' to 'int', possible loss of data
F:\all\Code\C++\UserInterface\Interface\Program2.cpp(3196,65): warning C4244: 'argument': conversion from '__int64' to 'int', possible loss of data
F:\all\Code\C++\UserInterface\Interface\Program2.cpp(3205,71): warning C4244: 'argument': conversion from '__int64' to 'int', possible loss of data
F:\all\Code\C++\UserInterface\Interface\Program2.cpp(3206,76): warning C4244: 'argument': conversion from '__int64' to 'int', possible loss of data
F:\all\Code\C++\UserInterface\Interface\Program2.cpp(3209,71): warning C4244: 'argument': conversion from '__int64' to 'int', possible loss of data
F:\all\Code\C++\UserInterface\Interface\Program2.cpp(3210,76): warning C4244: 'argument': conversion from '__int64' to 'int', possible loss of data
F:\all\Code\C++\UserInterface\Interface\Program2.cpp(3232,67): warning C4244: 'argument': conversion from '__int64' to 'int', possible loss of data
F:\all\Code\C++\UserInterface\Interface\Program2.cpp(3235,72): warning C4244: 'argument': conversion from '__int64' to 'int', possible loss of data
F:\all\Code\C++\UserInterface\Interface\Program2.cpp(3240,63): warning C4244: 'argument': conversion from '__int64' to 'int', possible loss of data
F:\all\Code\C++\UserInterface\Interface\Program2.cpp(3249,68): warning C4244: 'argument': conversion from '__int64' to 'int', possible loss of data
F:\all\Code\C++\UserInterface\Interface\Program2.cpp(3258,74): warning C4244: 'argument': conversion from '__int64' to 'int', possible loss of data
F:\all\Code\C++\UserInterface\Interface\Program2.cpp(3259,79): warning C4244: 'argument': conversion from '__int64' to 'int', possible loss of data
F:\all\Code\C++\UserInterface\Interface\Program2.cpp(3262,74): warning C4244: 'argument': conversion from '__int64' to 'int', possible loss of data
F:\all\Code\C++\UserInterface\Interface\Program2.cpp(3263,79): warning C4244: 'argument': conversion from '__int64' to 'int', possible loss of data
F:\all\Code\C++\UserInterface\Interface\Program2.cpp(3266,68): warning C4244: 'argument': conversion from '__int64' to 'int', possible loss of data
F:\all\Code\C++\UserInterface\Interface\Program2.cpp(3288,63): warning C4244: 'argument': conversion from '__int64' to 'int', possible loss of data
F:\all\Code\C++\UserInterface\Interface\Program2.cpp(3297,68): warning C4244: 'argument': conversion from '__int64' to 'int', possible loss of data
F:\all\Code\C++\UserInterface\Interface\Program2.cpp(3306,74): warning C4244: 'argument': conversion from '__int64' to 'int', possible loss of data
F:\all\Code\C++\UserInterface\Interface\Program2.cpp(3307,79): warning C4244: 'argument': conversion from '__int64' to 'int', possible loss of data
F:\all\Code\C++\UserInterface\Interface\Program2.cpp(3310,74): warning C4244: 'argument': conversion from '__int64' to 'int', possible loss of data
F:\all\Code\C++\UserInterface\Interface\Program2.cpp(3311,79): warning C4244: 'argument': conversion from '__int64' to 'int', possible loss of data
F:\all\Code\C++\UserInterface\Interface\Program2.cpp(3314,68): warning C4244: 'argument': conversion from '__int64' to 'int', possible loss of data
F:\all\Code\C++\UserInterface\Interface\Program2.cpp(3342,76): warning C4244: 'argument': conversion from '__int64' to 'int', possible loss of data
F:\all\Code\C++\UserInterface\Interface\Program2.cpp(3344,63): warning C4244: 'argument': conversion from '__int64' to 'int', possible loss of data
F:\all\Code\C++\UserInterface\Interface\Program2.cpp(3350,63): warning C4244: 'argument': conversion from '__int64' to 'int', possible loss of data
F:\all\Code\C++\UserInterface\Interface\Program2.cpp(3364,78): warning C4244: 'argument': conversion from '__int64' to 'int', possible loss of data
F:\all\Code\C++\UserInterface\Interface\Program2.cpp(3368,65): warning C4244: 'argument': conversion from '__int64' to 'int', possible loss of data
F:\all\Code\C++\UserInterface\Interface\Program2.cpp(3381,65): warning C4244: 'argument': conversion from '__int64' to 'int', possible loss of data
F:\all\Code\C++\UserInterface\Interface\Program2.cpp(3448,42): warning C4267: '=': conversion from 'size_t' to 'int', possible loss of data
F:\all\Code\C++\UserInterface\Interface\Program2.cpp(3449,40): warning C4267: '=': conversion from 'size_t' to 'int', possible loss of data
  Interface.vcxproj -> F:\all\Code\C++\UserInterface\UI\x64\Debug\Interface.exe
